<?xml version="1.0" encoding="UTF-8"?>
<testng-results skipped="0" failed="0" total="1" passed="1">
  <reporter-output>
  </reporter-output>
  <suite name="Default suite" duration-ms="20138" started-at="2021-04-09T02:09:00Z" finished-at="2021-04-09T02:09:20Z">
    <groups>
    </groups>
    <test name="Default test" duration-ms="20138" started-at="2021-04-09T02:09:00Z" finished-at="2021-04-09T02:09:20Z">
      <class name="com.uiframework.tests.UiframeworkTest1">
        <test-method status="PASS" signature="beforeTest()[pri:0, instance:com.uiframework.tests.UiframeworkTest1@149494d8]" name="beforeTest" is-config="true" duration-ms="11556" started-at="2021-04-08T20:09:00Z" finished-at="2021-04-08T20:09:11Z">
          <reporter-output>
          </reporter-output>
        </test-method> <!-- beforeTest -->
        <test-method status="PASS" signature="checkIntegerSemper()[pri:0, instance:com.uiframework.tests.UiframeworkTest1@149494d8]" name="checkIntegerSemper" duration-ms="8036" started-at="2021-04-08T20:09:11Z" finished-at="2021-04-08T20:09:20Z">
          <reporter-output>
          </reporter-output>
        </test-method> <!-- checkIntegerSemper -->
        <test-method status="PASS" signature="afterTest()[pri:0, instance:com.uiframework.tests.UiframeworkTest1@149494d8]" name="afterTest" is-config="true" duration-ms="532" started-at="2021-04-08T20:09:20Z" finished-at="2021-04-08T20:09:20Z">
          <reporter-output>
          </reporter-output>
        </test-method> <!-- afterTest -->
      </class> <!-- com.uiframework.tests.UiframeworkTest1 -->
    </test> <!-- Default test -->
  </suite> <!-- Default suite -->
</testng-results>
